<?xml version="1.0" encoding="UTF-8"?>
<testng-results total="1" passed="1" failed="0" skipped="0">
  <reporter-output>
  </reporter-output>
  <suite started-at="2018-09-12T05:14:08Z" name="Suite" finished-at="2018-09-12T05:14:49Z" duration-ms="40681">
    <groups>
    </groups>
    <test started-at="2018-09-12T05:14:08Z" name="Test" finished-at="2018-09-12T05:14:49Z" duration-ms="40681">
      <class name="com.maven.testngDemo.TestNGDemo.AppiumTestStartUp">
        <test-method is-config="true" signature="testSetUp()[pri:0, instance:com.maven.testngDemo.TestNGDemo.AppiumTestStartUp@6a2b953e]" started-at="2018-09-12T10:44:08Z" name="testSetUp" finished-at="2018-09-12T10:44:16Z" duration-ms="8067" status="PASS">
          <reporter-output>
          </reporter-output>
        </test-method> <!-- testSetUp -->
        <test-method signature="testCase()[pri:0, instance:com.maven.testngDemo.TestNGDemo.AppiumTestStartUp@6a2b953e]" started-at="2018-09-12T10:44:16Z" name="testCase" finished-at="2018-09-12T10:44:49Z" duration-ms="32543" status="PASS">
          <reporter-output>
          </reporter-output>
        </test-method> <!-- testCase -->
        <test-method is-config="true" signature="testCleanUp()[pri:0, instance:com.maven.testngDemo.TestNGDemo.AppiumTestStartUp@6a2b953e]" started-at="2018-09-12T10:44:49Z" name="testCleanUp" finished-at="2018-09-12T10:44:49Z" duration-ms="53" status="PASS">
          <reporter-output>
          </reporter-output>
        </test-method> <!-- testCleanUp -->
      </class> <!-- com.maven.testngDemo.TestNGDemo.AppiumTestStartUp -->
    </test> <!-- Test -->
  </suite> <!-- Suite -->
</testng-results>
