<?xml version="1.0" encoding="UTF-8"?>
<testng-results total="1" passed="1" failed="0" skipped="0">
  <reporter-output>
  </reporter-output>
  <suite started-at="2018-09-13T05:23:54Z" name="Suite" finished-at="2018-09-13T05:24:29Z" duration-ms="35398">
    <groups>
    </groups>
    <test started-at="2018-09-13T05:23:54Z" name="Test" finished-at="2018-09-13T05:24:29Z" duration-ms="35398">
      <class name="com.maven.testngDemo.TestNGDemo.AppiumTestStartUp">
        <test-method is-config="true" signature="testSetUp()[pri:0, instance:com.maven.testngDemo.TestNGDemo.AppiumTestStartUp@6a2b953e]" started-at="2018-09-13T10:53:54Z" name="testSetUp" finished-at="2018-09-13T10:54:01Z" duration-ms="7200" status="PASS">
          <reporter-output>
          </reporter-output>
        </test-method> <!-- testSetUp -->
        <test-method signature="testCase()[pri:0, instance:com.maven.testngDemo.TestNGDemo.AppiumTestStartUp@6a2b953e]" started-at="2018-09-13T10:54:01Z" name="testCase" finished-at="2018-09-13T10:54:29Z" duration-ms="28130" status="PASS">
          <reporter-output>
          </reporter-output>
        </test-method> <!-- testCase -->
        <test-method is-config="true" signature="testCleanUp()[pri:0, instance:com.maven.testngDemo.TestNGDemo.AppiumTestStartUp@6a2b953e]" started-at="2018-09-13T10:54:29Z" name="testCleanUp" finished-at="2018-09-13T10:54:29Z" duration-ms="53" status="PASS">
          <reporter-output>
          </reporter-output>
        </test-method> <!-- testCleanUp -->
      </class> <!-- com.maven.testngDemo.TestNGDemo.AppiumTestStartUp -->
    </test> <!-- Test -->
  </suite> <!-- Suite -->
</testng-results>
