<?xml version="1.0" encoding="UTF-8"?>
<testng-results total="1" passed="1" failed="0" skipped="0">
  <reporter-output>
  </reporter-output>
  <suite started-at="2018-09-13T06:33:19Z" name="Default suite" finished-at="2018-09-13T06:35:02Z" duration-ms="103121">
    <groups>
    </groups>
    <test started-at="2018-09-13T06:33:19Z" name="Default test" finished-at="2018-09-13T06:35:02Z" duration-ms="103121">
      <class name="com.maven.testngDemo.TestNGDemo.AppiumTestStartUp">
        <test-method is-config="true" signature="testSetUp()[pri:0, instance:com.maven.testngDemo.TestNGDemo.AppiumTestStartUp@6404f418]" started-at="2018-09-13T12:03:19Z" name="testSetUp" finished-at="2018-09-13T12:03:24Z" duration-ms="5489" status="PASS">
          <reporter-output>
          </reporter-output>
        </test-method> <!-- testSetUp -->
        <test-method signature="testCase()[pri:0, instance:com.maven.testngDemo.TestNGDemo.AppiumTestStartUp@6404f418]" started-at="2018-09-13T12:03:24Z" name="testCase" finished-at="2018-09-13T12:04:57Z" duration-ms="92789" status="PASS">
          <reporter-output>
          </reporter-output>
        </test-method> <!-- testCase -->
        <test-method is-config="true" signature="testCleanUp()[pri:0, instance:com.maven.testngDemo.TestNGDemo.AppiumTestStartUp@6404f418]" started-at="2018-09-13T12:05:02Z" name="testCleanUp" finished-at="2018-09-13T12:05:02Z" duration-ms="53" status="PASS">
          <reporter-output>
          </reporter-output>
        </test-method> <!-- testCleanUp -->
      </class> <!-- com.maven.testngDemo.TestNGDemo.AppiumTestStartUp -->
    </test> <!-- Default test -->
  </suite> <!-- Default suite -->
</testng-results>
